********************************************************************************
   General Structure Analysis System-II Crystal Structure Refinement
              by Robert B. Von Dreele & Brian H. Toby
                Argonne National Laboratory(C), 2010
 This product includes software developed by the UChicago Argonne, LLC,
            as Operator of Argonne National Laboratory.
                          Please cite:
   B.H. Toby & R.B. Von Dreele, J. Appl. Cryst. 46, 544-549 (2013)
********************************************************************************
 Least squares controls:
 Refinement type: analytic Hessian
 Maximum number of cycles: 10
 Regularize hydrogens (if any): False
 Initial shift factor: 1.000

 Phases:

 Phase name: Mn3Ga_monoclinic
=======================================================================================================================================

 X-ray scattering factors:
   Symbol     fa                                      fb                                      fc
---------------------------------------------------------------------------------------------------
 Mn        11.28190   7.35730   3.01930   2.24410   5.34090   0.34320  17.86740  83.75430   1.08960
 Ga        15.23540   6.70060   4.35910   2.96230   3.06690   0.24120  10.78050  61.41350   1.71890

 Electron scattering factors:
   Symbol     fa                                                fb
---------------------------------------------------------------------------------------------------
 Mn         0.19430   0.81900   1.92960   2.49680   2.06250   0.11350   1.13130   5.03410  24.17980  80.55980
 Ga         0.21350   0.97680   1.66690   2.56620   1.67900   0.10200   1.02190   4.62750  22.87420  80.15350

 Neutron scattering factors:
   Symbol   isotope       mass       b       resonant terms
---------------------------------------------------------------------------------------------------
 Mn      Nat. Abund.     54.938   -0.375
 Ga      Nat. Abund.     69.720    0.729

 Space Group: P 21/m
 The lattice is centrosymmetric primitive monoclinic
 The Laue symmetry is 2/m
 The lattice point group is 2/m
 Multiplicity of a general site is 4
 The unique monoclinic axis is b
 The inversion center is located at 0,0,0
 
 The equivalent positions are:

 ( 1)     X,     Y,     Z 
 ( 2)    -X, 1/2+Y,    -Z 

 Atoms:
   name    type  refine?   x         y         z      frac site sym  mult I/A   Uiso     U11     U22     U33     U12     U13     U23
---------------------------------------------------------------------------------------------------------------------------------------
    Mn1     Mn          0.34332   0.25000   0.17661   0.994   m(y)    2    I 0.00355                                                
    Mn2     Mn          0.84235   0.25000   0.17719   0.989   m(y)    2    I 0.00375                                                
    Mn3     Mn          0.84395   0.25000   0.67821   0.983   m(y)    2    I 0.00190                                                
    Ga1     Ga          0.33884   0.25000   0.66776   1.005   m(y)    2    I 0.00217                                                

 Unit cell: a = 5.42811 b = 4.33961 c = 5.32237 alpha = 90.000 beta = 119.457 gamma = 90.000 volume = 109.165 Refine? False

 Phase name: Manganese oxide
=======================================================================================================================================

 X-ray scattering factors:
   Symbol     fa                                      fb                                      fc
---------------------------------------------------------------------------------------------------
 Mn+2      10.80610   7.36200   3.52680   0.21840   5.27960   0.34350  14.34300  41.32350   1.08740
 O-2        3.76936   2.53342   1.91579   1.55094  15.07970   6.30430  40.34450   0.31291   0.22789

 Electron scattering factors:
   Symbol     fa                                                fb
---------------------------------------------------------------------------------------------------

 Neutron scattering factors:
   Symbol   isotope       mass       b       resonant terms
---------------------------------------------------------------------------------------------------
 Mn+2    Nat. Abund.     54.938   -0.375
 O-2     Nat. Abund.     15.999    0.581

 Space Group: F m -3 m
 The lattice is centrosymmetric F-centered cubic
 The Laue symmetry is m3m
 The lattice point group is m3m
 Multiplicity of a general site is 192
 The inversion center is located at 0,0,0
 
 The equivalent positions are:

 (0,0,0; 0,1/2,1/2; 1/2,0,1/2; 1/2,1/2,0)+

 ( 1)     X,     Y,     Z 
 ( 2)     Z,     X,     Y 
 ( 3)     Y,     Z,     X 
 ( 4)     X,     Y,    -Z 
 ( 5)    -Z,     X,     Y 
 ( 6)     Y,    -Z,     X 
 ( 7)    -Z,     X,    -Y 
 ( 8)    -Y,    -Z,     X 
 ( 9)     Y,    -Z,    -X 
 (10)    -X,     Y,    -Z 
 (11)    -Z,    -X,     Y 
 (12)     X,    -Y,    -Z 
 (13)     Y,     X,     Z 
 (14)     Z,     Y,     X 
 (15)     X,     Z,     Y 
 (16)     Y,     X,    -Z 
 (17)    -Z,     Y,     X 
 (18)     X,    -Z,     Y 
 (19)    -Z,     Y,    -X 
 (20)    -X,    -Z,     Y 
 (21)     X,    -Z,    -Y 
 (22)    -Y,     X,    -Z 
 (23)    -Z,    -Y,     X 
 (24)     Y,    -X,    -Z 

 Atoms:
   name    type  refine?   x         y         z      frac site sym  mult I/A   Uiso     U11     U22     U33     U12     U13     U23
---------------------------------------------------------------------------------------------------------------------------------------
    Mn1   Mn+2          0.00000   0.00000   0.00000   1.000    m3m    4    I 0.02000                                                
     O1    O-2          0.50000   0.50000   0.50000   1.000    m3m    4    I 0.02000                                                

 Unit cell: a = 4.44049 b = 4.44049 c = 4.44049 alpha = 90.000 beta = 90.000 gamma = 90.000 volume = 87.557 Refine? False

 Phase name: Mn3Ga_monoclinic-mag_1
=======================================================================================================================================

 X-ray scattering factors:
   Symbol     fa                                      fb                                      fc
---------------------------------------------------------------------------------------------------
 Mn        11.28190   7.35730   3.01930   2.24410   5.34090   0.34320  17.86740  83.75430   1.08960

 Electron scattering factors:
   Symbol     fa                                                fb
---------------------------------------------------------------------------------------------------
 Mn         0.19430   0.81900   1.92960   2.49680   2.06250   0.11350   1.13130   5.03410  24.17980  80.55980

 Neutron scattering factors:
   Symbol   isotope       mass       b       resonant terms
---------------------------------------------------------------------------------------------------
 Mn      Nat. Abund.     54.938   -0.375

 <j0> Magnetic scattering factors:
   Symbol     mfa                                    mfb                                     mfc
---------------------------------------------------------------------------------------------------
 Mn         0.24380   0.14720   0.61890   0.00000  24.96300  15.67300   6.54000   0.00000  -0.01050

 <j2> Magnetic scattering factors:
   Symbol     nfa                                    nfb                                     nfc
---------------------------------------------------------------------------------------------------
 Mn         2.66810   1.75610   0.36750   0.00000  16.06000   5.64000   2.04900   0.00000   0.00170

 Space Group: P 21/m
 The lattice is centrosymmetric primitive monoclinic
 The Laue symmetry is 2/m
 The lattice point group is 2/m
 Multiplicity of a general site is 4
 The unique monoclinic axis is b
 The inversion center is located at 0,0,0
 
 The equivalent positions are:

 ( 1)     X,     Y,     Z 
 ( 2)    -X, 1/2+Y,    -Z 

 Atoms:
   name    type  refine?   x         y         z      frac site sym  mult I/A   Uiso     U11     U22     U33     U12     U13     U23
---------------------------------------------------------------------------------------------------------------------------------------
  Mn1_0     Mn      M   0.34332   0.25000   0.83329   0.994   m(y)    2    I 0.00355                                                
  Mn2_1     Mn      M   0.84235   0.25000   0.33484   0.989   m(y)    2    I 0.00375                                                
  Mn3_2     Mn      M   0.84395   0.25000   0.83426   0.983   m(y)    2    I 0.00190                                                

 Magnetic moments:
   name    type  refine?  Mx        My        Mz    
---------------------------------------------------------------------------------------------------------------------------------------
  Mn1_0     Mn      M  -1.57657   0.00000  -1.34917
  Mn2_1     Mn      M  -2.77619   0.00000   2.82225
  Mn3_2     Mn      M   2.71668   0.00000  -2.21750

 Unit cell: a = 5.42006 b = 4.33961 c = 5.32237 alpha = 90.000 beta = 60.694 gamma = 90.000 volume = 109.165 Refine? False

 Moments restraint weight factor     10.000 Use: True
 Atom       calc Atom       calc Atom       calc     obs    esd
 Mn1_0     2.527 Mn2_1     2.829 Mn3_2     2.530   2.629  0.010

 Phase: Mn3Ga_monoclinic in histogram: PWDR PG3_45611.gsa Bank 1
=======================================================================================================================================
 Phase fraction  :      0.945 Refine? False
 Extinction coeff:     0.0000 Refine? False
 March-Dollase PO:     1.0000 Refine? False Axis: 0 0 1

 Size model    : isotropic equatorial:       1.000 Refine? False
	 LG mixing coeff.:       1.0000 Refine? False

 Mustrain model: isotropic equatorial:      1000.0 Refine? False
	 LG mixing coeff.:      1.0000 Refine? False

 Hydrostatic/elastic strain:
 names :         D11         D22         D33         D13
 values:           0           0           0           0
 refine:       False       False       False       False
 Layer Displacement:      0.000 Refine? False

 Phase: Manganese oxide in histogram: PWDR PG3_45611.gsa Bank 1
=======================================================================================================================================
 Phase fraction  :      0.055 Refine? False
 Extinction coeff:     0.0000 Refine? False
 March-Dollase PO:     1.0000 Refine? False Axis: 0 0 1

 Size model    : isotropic equatorial:       1.000 Refine? False
	 LG mixing coeff.:       1.0000 Refine? False

 Mustrain model: isotropic equatorial:      1000.0 Refine? False
	 LG mixing coeff.:      1.0000 Refine? False

 Hydrostatic/elastic strain:
 names :         D11          eA
 values:           0           0
 refine:       False       False
 Layer Displacement:      0.000 Refine? False

 Phase: Mn3Ga_monoclinic-mag_1 in histogram: PWDR PG3_45611.gsa Bank 1
=======================================================================================================================================
 Phase fraction  :      0.945 Refine? 0.0
 Extinction coeff:     0.0000 Refine? False
 March-Dollase PO:     1.0000 Refine? False Axis: 0 0 1

 Size model    : isotropic equatorial:       1.000 Refine? False
	 LG mixing coeff.:       1.0000 Refine? False

 Mustrain model: isotropic equatorial:      1000.0 Refine? False
	 LG mixing coeff.:      1.0000 Refine? False

 Hydrostatic/elastic strain:
 names :         D11         D22         D33         D13
 values:           0           0           0           0
 refine:       False       False       False       False
 Layer Displacement:      0.000 Refine? False

 Histogram: PWDR PG3_45611.gsa Bank 1 histogram Id: 0
=======================================================================================================================================
 Instrument type: Debye-Scherrer
 Histogram limits: 10087.42 msec to 122088.14 msec

 Sample Parameters:
 Goniometer omega = 0.00, chi = 0.00, phi = 0.00
 name  :         Scale    Absorption     DisplaceX     DisplaceY
 value :    24942.8409        0.0000        0.0000        0.0000
 refine:          True         False         False         False

 Instrument Parameters:
 name  :     2-theta     Azimuth           X           Y           Z        Zero       alpha
 value :   90.000000    0.000000   17.885000   -7.194000   -7.041000   -0.316000    0.133240
 refine:       False                   False       False       False       False       False

 name  :      beta-0      beta-1      beta-q        difA        difB        difC     fltPath       sig-0       sig-1
 value :    0.012789   -0.006511    0.061712   -2.390000   -0.09700022579.737079   63.183000 -125.284000 -660.761000
 refine:       False       False       False       False       False       False                   False       False

 name  :       sig-2       sig-q
 value :  817.587000  565.493000
 refine:       False       False

 Background function: log interpolate Refine? True
 Coefficients:     62.847    58.563    56.782    56.683    60.755    47.802
 Fixed background file: ; mult: 1.000  Refine? False

 Refinement results:
---------------------------------------------------------------------------------------------------------------------------------------
 Number of function calls: 11 No. of observations: 3121 No. of parameters: 13 User rejected: 0 Sp. gp. extinct: 0
 Refinement time =    5.670s,    2.835s/cycle, for 2 cycles
 wR =    4.28%, chi**2 =      50469.9, GOF =   4.03

 Phases:
 Result for phase: Mn3Ga_monoclinic
=======================================================================================================================================

 Atoms:
   name      x         y         z      frac   Uiso     U11     U22     U33     U12     U13     U23
---------------------------------------------------------------------------------------------------------------------------------------
    Mn1     Mn:
 values:   0.34332   0.25000   0.17661   0.994 0.00355
 sig   :                                               
    Mn2     Mn:
 values:   0.84235   0.25000   0.17719   0.989 0.00375
 sig   :                                               
    Mn3     Mn:
 values:   0.84395   0.25000   0.67821   0.983 0.00190
 sig   :                                               
    Ga1     Ga:
 values:   0.33884   0.25000   0.66776   1.005 0.00217
 sig   :                                               

 Density: 7.0893 g/cm**3
 Result for phase: Manganese oxide
=======================================================================================================================================

 Atoms:
   name      x         y         z      frac   Uiso     U11     U22     U33     U12     U13     U23
---------------------------------------------------------------------------------------------------------------------------------------
    Mn1   Mn+2:
 values:   0.00000   0.00000   0.00000   1.000 0.02000
 sig   :                                               
     O1    O-2:
 values:   0.50000   0.50000   0.50000   1.000 0.02000
 sig   :                                               

 Density: 5.3813 g/cm**3
 Result for phase: Mn3Ga_monoclinic-mag_1
=======================================================================================================================================

 Atoms:
   name      x         y         z      frac   Uiso     U11     U22     U33     U12     U13     U23
---------------------------------------------------------------------------------------------------------------------------------------
  Mn1_0     Mn:
 values:   0.34332   0.25000   0.83329   0.994 0.00355
 sig   :                                               
  Mn2_1     Mn:
 values:   0.84235   0.25000   0.33484   0.989 0.00375
 sig   :                                               
  Mn3_2     Mn:
 values:   0.84395   0.25000   0.83426   0.983 0.00190
 sig   :                                               

 Magnetic Moments:
   name       Mx        My        Mz       |Mag|
---------------------------------------------------------------------------------------------------------------------------------------
  Mn1_0     Mn:
 values:    -1.516     0.000    -1.418     2.532
 sig   :     0.166               0.236          
  Mn2_1     Mn:
 values:    -2.744     0.000     2.938     2.875
 sig   :     0.246               0.320          
  Mn3_2     Mn:
 values:     2.738     0.000    -2.421     2.621
 sig   :     0.232               0.258          

 Density: 0.0152 g/cm**3

 Moments restraint weight factor     10.000 Use: True
 Atom       calc Atom       calc Atom       calc     obs    esd
 Mn1_0     2.532 Mn2_1     2.875 Mn3_2     2.621   2.676  0.010

 Phase: Mn3Ga_monoclinic in histogram: PWDR PG3_45611.gsa Bank 1
=======================================================================================================================================
 Final refinement RF, RF^2 = 4.36%, 10.82% on 1377 reflections
 Durbin-Watson statistic = 0.414
 Bragg intensity sum = 2.06e+06
 Phase fraction  :      0.945, sig          0 Weight fraction  :  0.96578, sig    0.00000

 Phase: Manganese oxide in histogram: PWDR PG3_45611.gsa Bank 1
=======================================================================================================================================
 Final refinement RF, RF^2 = 7.97%, 17.09% on 41 reflections
 Durbin-Watson statistic = 0.414
 Bragg intensity sum = 6.42e+04
 Phase fraction  :      0.055, sig          0 Weight fraction  :  0.03422, sig    0.00000

 Phase: Mn3Ga_monoclinic-mag_1 in histogram: PWDR PG3_45611.gsa Bank 1
=======================================================================================================================================
 Final refinement RF, RF^2 = 4.96%, 11.35% on 138 reflections
 Durbin-Watson statistic = 0.414
 Bragg intensity sum = 8.67e+05

 Histogram: PWDR PG3_45611.gsa Bank 1 histogram Id: 0
=======================================================================================================================================
 PWDR histogram weight factor = 1.000
 Final refinement wR = 4.00% on 3121 observations in this histogram
 Other residuals: R = 6.96%, R-bkg = 10.61%, wR-bkg = 4.00% wRmin = 1.06%
 Instrument type: Debye-Scherrer

 Sample Parameters:
 names :         Scale    Absorption     DisplaceX     DisplaceY
 values:    25294.1761        0.0000        0.0000        0.0000
 sig   :      127.2104                                          

 Background function: log interpolate
 value :       62.5      58.2     56.49     56.86     59.23     49.56
 sig   :     0.1393    0.1304     0.194    0.3712    0.9071     1.328
 Background sums: empirical 1.79e+05, Debye 0, peaks 0, Total 1.79e+05
