********************************************************************************
   General Structure Analysis System-II Crystal Structure Refinement
              by Robert B. Von Dreele & Brian H. Toby
                Argonne National Laboratory(C), 2010
 This product includes software developed by the UChicago Argonne, LLC,
            as Operator of Argonne National Laboratory.
                          Please cite:
   B.H. Toby & R.B. Von Dreele, J. Appl. Cryst. 46, 544-549 (2013)
********************************************************************************
 Least squares controls:
 Refinement type: analytic Hessian
 Maximum number of cycles: 3
 Regularize hydrogens (if any): False
 Initial shift factor: 1.000

 Phases:

 Phase name: Mn O
=======================================================================================================================================

 X-ray scattering factors:
   Symbol     fa                                      fb                                      fc
---------------------------------------------------------------------------------------------------
 Mn        11.28190   7.35730   3.01930   2.24410   5.34090   0.34320  17.86740  83.75430   1.08960
 O          3.04850   2.28680   1.54630   0.86700  13.27710   5.70110   0.32390  32.90890   0.25080

 Electron scattering factors:
   Symbol     fa                                                fb
---------------------------------------------------------------------------------------------------
 Mn         0.19430   0.81900   1.92960   2.49680   2.06250   0.11350   1.13130   5.03410  24.17980  80.55980
 O          0.03650   0.17290   0.58050   0.88140   0.31210   0.06520   0.61840   2.94490   9.62980  28.21940

 Neutron scattering factors:
   Symbol   isotope       mass       b       resonant terms
---------------------------------------------------------------------------------------------------
 Mn      Nat. Abund.     54.938   -0.375
 O       Nat. Abund.     15.999    0.581

 Space Group: F m -3 m
 The lattice is centrosymmetric F-centered cubic
 The Laue symmetry is m3m
 The lattice point group is m3m
 Multiplicity of a general site is 192
 The inversion center is located at 0,0,0
 
 The equivalent positions are:

 (0,0,0; 0,1/2,1/2; 1/2,0,1/2; 1/2,1/2,0)+

 ( 1)     X,     Y,     Z 
 ( 2)     Z,     X,     Y 
 ( 3)     Y,     Z,     X 
 ( 4)     X,     Y,    -Z 
 ( 5)    -Z,     X,     Y 
 ( 6)     Y,    -Z,     X 
 ( 7)    -Z,     X,    -Y 
 ( 8)    -Y,    -Z,     X 
 ( 9)     Y,    -Z,    -X 
 (10)    -X,     Y,    -Z 
 (11)    -Z,    -X,     Y 
 (12)     X,    -Y,    -Z 
 (13)     Y,     X,     Z 
 (14)     Z,     Y,     X 
 (15)     X,     Z,     Y 
 (16)     Y,     X,    -Z 
 (17)    -Z,     Y,     X 
 (18)     X,    -Z,     Y 
 (19)    -Z,     Y,    -X 
 (20)    -X,    -Z,     Y 
 (21)     X,    -Z,    -Y 
 (22)    -Y,     X,    -Z 
 (23)    -Z,    -Y,     X 
 (24)     Y,    -X,    -Z 

 Atoms:
   name    type  refine?   x         y         z      frac site sym  mult I/A   Uiso     U11     U22     U33     U12     U13     U23
---------------------------------------------------------------------------------------------------------------------------------------
    Mn1     Mn     XU   0.00000   0.00000   0.00000   1.000    m3m    4    I 0.00269                                                
     O1      O     XU   0.50000   0.50000   0.50000   1.000    m3m    4    I 0.00223                                                

 Unit cell: a = 4.45015 b = 4.45015 c = 4.45015 alpha = 90.000 beta = 90.000 gamma = 90.000 volume = 88.130 Refine? True

 Phase name: Mn Ga_1
=======================================================================================================================================

 X-ray scattering factors:
   Symbol     fa                                      fb                                      fc
---------------------------------------------------------------------------------------------------
 Mn        11.28190   7.35730   3.01930   2.24410   5.34090   0.34320  17.86740  83.75430   1.08960
 Ga        15.23540   6.70060   4.35910   2.96230   3.06690   0.24120  10.78050  61.41350   1.71890

 Electron scattering factors:
   Symbol     fa                                                fb
---------------------------------------------------------------------------------------------------
 Mn         0.19430   0.81900   1.92960   2.49680   2.06250   0.11350   1.13130   5.03410  24.17980  80.55980
 Ga         0.21350   0.97680   1.66690   2.56620   1.67900   0.10200   1.02190   4.62750  22.87420  80.15350

 Neutron scattering factors:
   Symbol   isotope       mass       b       resonant terms
---------------------------------------------------------------------------------------------------
 Mn      Nat. Abund.     54.938   -0.375
 Ga      Nat. Abund.     69.720    0.729

 Space Group: P 63/m m c
 The lattice is centrosymmetric primitive hexagonal
 The Laue symmetry is 6/mmm
 The lattice point group is 6/mmm
 Multiplicity of a general site is 24
 The inversion center is located at 0,0,0
 
 The equivalent positions are:

 ( 1)     X,     Y,     Z 
 ( 2)   X-Y,     X, 1/2+Z 
 ( 3)    -Y,   X-Y,     Z 
 ( 4)    -X,    -Y, 1/2+Z 
 ( 5)   Y-X,    -X,     Z 
 ( 6)     Y,   Y-X, 1/2+Z 
 ( 7)   Y-X,     Y,     Z 
 ( 8)    -X,   Y-X, 1/2+Z 
 ( 9)    -Y,    -X,     Z 
 (10)   X-Y,    -Y, 1/2+Z 
 (11)     X,   X-Y,     Z 
 (12)     Y,     X, 1/2+Z 

 Atoms:
   name    type  refine?   x         y         z      frac site sym  mult I/A   Uiso     U11     U22     U33     U12     U13     U23
---------------------------------------------------------------------------------------------------------------------------------------
    Mn1     Mn     XU   0.16746   0.33482   0.25000   1.000mm2(120)    6    I 0.01376                                                
    Ga1     Ga     XU   0.33333   0.66667   0.75000   1.000-6m2(100)    2    I 0.00986                                                

 Unit cell: a = 5.41317 b = 5.41317 c = 4.36462 alpha = 90.000 beta = 90.000 gamma = 120.000 volume = 110.759 Refine? True

 Phase: Mn O in histogram: PWDR PG3_59283.gsa Bank 2
=======================================================================================================================================
 Phase fraction  :    0.05331 Refine? False
 Extinction coeff:     0.0000 Refine? False
 March-Dollase PO:     1.0000 Refine? False Axis: 0 0 1

 Size model    : isotropic equatorial:       1.000 Refine? False
	 LG mixing coeff.:       1.0000 Refine? False

 Mustrain model: isotropic equatorial:      2945.7 Refine? False
	 LG mixing coeff.:      1.0000 Refine? False

 Hydrostatic/elastic strain:
 names :         D11          eA
 values:           0           0
 refine:       False       False
 Layer Displacement:      0.000 Refine? False

 Phase: Mn Ga_1 in histogram: PWDR PG3_59283.gsa Bank 2
=======================================================================================================================================
 Phase fraction  :     0.9467 Refine? False
 Extinction coeff:     0.0000 Refine? False
 March-Dollase PO:     1.0000 Refine? False Axis: 0 0 1

 Size model    : isotropic equatorial:       1.000 Refine? False
	 LG mixing coeff.:       1.0000 Refine? False

 Mustrain model: isotropic equatorial:       629.3 Refine? False
	 LG mixing coeff.:      1.0000 Refine? False

 Hydrostatic/elastic strain:
 names :         D11         D33
 values:           0           0
 refine:       False       False
 Layer Displacement:      0.000 Refine? False

 Histogram: PWDR PG3_59283.gsa Bank 2 histogram Id: 0
=======================================================================================================================================
 Instrument type: Debye-Scherrer
 Histogram limits: 11558.90 msec to 55009.33 msec

 Sample Parameters:
 Goniometer omega = 0.00, chi = 0.00, phi = 0.00
 name  :         Scale    Absorption     DisplaceX     DisplaceY
 value :    27667.5903        0.0000        0.0000        0.0000
 refine:          True         False         False         False

 Instrument Parameters:
 name  :     2-theta     Azimuth           X           Y           Z        Zero       alpha
 value :   90.000000    0.000000    0.000000    0.000000    0.000000    0.000000    0.159747
 refine:       False                   False       False       False       False       False

 name  :      beta-0      beta-1      beta-q        difA        difB        difC     fltPath       sig-0       sig-1
 value :    0.008025   -0.020456    0.103563   -4.382000    0.56100022588.320000   63.183000  -45.725926 -400.054198
 refine:       False       False       False       False       False       False                   False       False

 name  :       sig-2       sig-q
 value :  196.789818  291.653979
 refine:       False       False

 Background function: log interpolate Refine? True
 Coefficients:     17.251    10.794     7.101     8.767     6.883
 Fixed background file: ; mult: 1.000  Refine? False

 Refinement results:
---------------------------------------------------------------------------------------------------------------------------------------
 Number of function calls: 7 No. of observations: 1951 No. of parameters: 14 User rejected: 0 Sp. gp. extinct: 0
 Refinement time =    0.496s,    0.496s/cycle, for 1 cycles
 wR =   11.96%, chi**2 =      4087.65, GOF =   1.45
----------------------------------------------------------------------------------------------------------------------------------
Parameters generated by constraints

 name  :          0::A0          1::A0       1::dAx:0
 value :        0.05050        0.04550       -0.00148
 sig   :        0.00001        0.00000        0.00053 

 Phases:
 Result for phase: Mn O
=======================================================================================================================================
 Reciprocal metric tensor: 
  names :            A11            A22            A33            A12            A13            A23
  values:    0.050495334    0.050495334    0.050495334    0.000000000    0.000000000    0.000000000
  esds  :    0.000006890                                                                           
 New unit cell:
  names :           a           b           c       alpha        beta       gamma      Volume
  values:    4.450147    4.450147    4.450147     90.0000     90.0000     90.0000      88.130
  esds  :    0.000304                                                                   0.018

 Atoms:
   name      x         y         z      frac   Uiso     U11     U22     U33     U12     U13     U23
---------------------------------------------------------------------------------------------------------------------------------------
    Mn1     Mn:
 values:   0.00000   0.00000   0.00000   1.000 0.00266
 sig   :                                       0.00220 
     O1      O:
 values:   0.50000   0.50000   0.50000   1.000 0.00222
 sig   :                                       0.00143 

 Density: 5.3464 g/cm**3
 Result for phase: Mn Ga_1
=======================================================================================================================================
 Reciprocal metric tensor: 
  names :            A11            A22            A33            A12            A13            A23
  values:    0.045502499    0.045502499    0.052493673    0.045502499    0.000000000    0.000000000
  esds  :    0.000000811                   0.000001104                                             
 New unit cell:
  names :           a           b           c       alpha        beta       gamma      Volume
  values:    5.413171    5.413171    4.364621     90.0000     90.0000    120.0000     110.759
  esds  :    0.000080                0.000046                                           0.002

 Atoms:
   name      x         y         z      frac   Uiso     U11     U22     U33     U12     U13     U23
---------------------------------------------------------------------------------------------------------------------------------------
    Mn1     Mn:
 values:   0.16598   0.33186   0.25000   1.000 0.01375
 sig   :   0.00053  (0.00106)                  0.00040 
    Ga1     Ga:
 values:   0.33333   0.66667   0.75000   1.000 0.00986
 sig   :                                       0.00024 

 Density: 7.0324 g/cm**3

 Phase: Mn O in histogram: PWDR PG3_59283.gsa Bank 2
=======================================================================================================================================
 Final refinement RF, RF^2 = 7.02%, 13.28% on 32 reflections
 Durbin-Watson statistic = 1.529
 Bragg intensity sum = 2.78e+04
 Phase fraction  :   0.053314, sig          0 Weight fraction  :  0.03294, sig    0.00000

 Phase: Mn Ga_1 in histogram: PWDR PG3_59283.gsa Bank 2
=======================================================================================================================================
 Final refinement RF, RF^2 = 5.82%, 10.10% on 190 reflections
 Durbin-Watson statistic = 1.529
 Bragg intensity sum = 5e+05
 Phase fraction  :    0.94669, sig          0 Weight fraction  :  0.96706, sig    0.00000

 Histogram: PWDR PG3_59283.gsa Bank 2 histogram Id: 0
=======================================================================================================================================
 PWDR histogram weight factor = 1.000
 Final refinement wR = 11.96% on 1951 observations in this histogram
 Other residuals: R = 11.47%, R-bkg = 11.60%, wR-bkg = 11.96% wRmin = 8.26%
 Instrument type: Debye-Scherrer

 Sample Parameters:
 names :         Scale    Absorption     DisplaceX     DisplaceY
 values:    27666.4839        0.0000        0.0000        0.0000
 sig   :      231.6433                                          

 Background function: log interpolate
 value :      17.25     10.79     7.106     8.763     6.874
 sig   :     0.2561     0.135    0.1376    0.2683    0.3997
 Background sums: empirical 1.91e+04, Debye 0, peaks 0, Total 1.91e+04
